<?xml version="1.0" ?><testsuite name="labopi.AreaResultCheckerTest" time="0.159" timestamp="2024-06-25T14:53:57" tests="6" failures="0" skipped="0" aborted="0"><properties><property name="ant.library.dir" value="/usr/share/ant/lib"></property><property name="ant.file.type" value="file"></property><property name="java.specification.version" value="17"></property><property name="lib" value="app/lib"></property><property name="main.source" value="app/src/main/java/"></property><property name="ant.project.name" value="lab3"></property><property name="sun.jnu.encoding" value="UTF-8"></property><property name="java.class.path" value="/usr/share/ant/lib/ant-launcher.jar:/usr/share/java/junit.jar:/usr/share/java/hamcrest-core.jar:/usr/share/ant/lib/ant-testutil.jar:/usr/share/ant/lib/ant-jakartamail.jar:/usr/share/ant/lib/ant-junit4.jar:/usr/share/ant/lib/ant-junit.jar:/usr/share/ant/lib/ant-apache-oro.jar:/usr/share/ant/lib/ant-commons-logging.jar:/usr/share/ant/lib/ant-netrexx.jar:/usr/share/ant/lib/ant-apache-regexp.jar:/usr/share/ant/lib/ant-jai.jar:/usr/share/ant/lib/ant-apache-resolver.jar:/usr/share/ant/lib/ant-jdepend.jar:/usr/share/ant/lib/ant-commons-net.jar:/usr/share/ant/lib/ant-apache-xalan2.jar:/usr/share/ant/lib/ant-junitlauncher.jar:/usr/share/ant/lib/ant-apache-bsf.jar:/usr/share/ant/lib/ant-apache-bcel.jar:/usr/share/ant/lib/ant.jar:/usr/share/ant/lib/ant-launcher.jar:/usr/share/ant/lib/ant-javamail.jar:/usr/share/ant/lib/ant-jsch.jar:/usr/share/ant/lib/ant-apache-log4j.jar:/usr/share/ant/lib/ant-xz.jar:/usr/share/ant/lib/ant-jmf.jar:/usr/share/ant/lib/ant-imageio.jar:/usr/share/ant/lib/ant-antlr.jar:/usr/share/ant/lib/ant-swing.jar"></property><property name="java.vm.vendor" value="Oracle Corporation"></property><property name="build.tests" value="app/build/tests"></property><property name="sun.arch.data.model" value="64"></property><property name="build.classes" value="app/build/classes"></property><property name="ant.file.lab3" value="/home/reshetovs/studying/3labOPI/build.xml"></property><property name="java.vendor.url" value="https://openjdk.java.net/"></property><property name="java.vm.specification.version" value="17"></property><property name="os.name" value="Linux"></property><property name="sun.java.launcher" value="SUN_STANDARD"></property><property name="user.country" value="US"></property><property name="test.result.dir" value="test_result"></property><property name="sun.boot.library.path" value="/usr/lib/jvm/java-17-openjdk/lib"></property><property name="sun.java.command" value="org.apache.tools.ant.launch.Launcher -cp  test"></property><property name="jdk.debug" value="release"></property><property name="main.class" value="Main"></property><property name="sun.cpu.endian" value="little"></property><property name="user.home" value="/home/reshetovs"></property><property name="web.xml" value="app/src/main/webapp/WEB-INF/web.xml"></property><property name="user.language" value="en"></property><property name="sun.stderr.encoding" value="UTF-8"></property><property name="java.specification.vendor" value="Oracle Corporation"></property><property name="java.version.date" value="2024-01-16"></property><property name="java.home" value="/usr/lib/jvm/java-17-openjdk"></property><property name="app.version" value="0.0.1"></property><property name="file.separator" value="/"></property><property name="basedir" value="/home/reshetovs/studying/3labOPI"></property><property name="java.vm.compressedOopsMode" value="32-bit"></property><property name="line.separator" value="
"></property><property name="sun.stdout.encoding" value="UTF-8"></property><property name="distribution.war" value="app/distribution/app.war"></property><property name="ant.java.version" value="17"></property><property name="java.specification.name" value="Java Platform API Specification"></property><property name="java.vm.specification.vendor" value="Oracle Corporation"></property><property name="test.source" value="app/src/test/java/"></property><property name="sun.management.compiler" value="HotSpot 64-Bit Tiered Compilers"></property><property name="java.runtime.version" value="17.0.10+7"></property><property name="user.name" value="reshetovs"></property><property name="ant.file" value="/home/reshetovs/studying/3labOPI/build.xml"></property><property name="path.separator" value=":"></property><property name="os.version" value="6.6.26-1-MANJARO"></property><property name="java.runtime.name" value="OpenJDK Runtime Environment"></property><property name="file.encoding" value="UTF-8"></property><property name="ant.project.invoked-targets" value="test"></property><property name="java.vm.name" value="OpenJDK 64-Bit Server VM"></property><property name="build.dir" value="app/build"></property><property name="ant.core.lib" value="/usr/share/ant/lib/ant.jar"></property><property name="java.vendor.url.bug" value="https://bugreport.java.com/bugreport/"></property><property name="java.io.tmpdir" value="/tmp"></property><property name="java.version" value="17.0.10"></property><property name="user.dir" value="/home/reshetovs/studying/3labOPI"></property><property name="os.arch" value="amd64"></property><property name="distribution.dir" value="app/distribution"></property><property name="git.diff_files" value=""></property><property name="java.vm.specification.name" value="Java Virtual Machine Specification"></property><property name="music.dir" value="app/music"></property><property name="ant.home" value="/usr/share/ant"></property><property name="ant.file.type.lab3" value="file"></property><property name="native.encoding" value="UTF-8"></property><property name="ant.version" value="Apache Ant(TM) version 1.10.14 compiled on September 23 2023"></property><property name="java.library.path" value="/usr/java/packages/lib:/usr/lib64:/lib64:/lib:/usr/lib"></property><property name="java.vendor" value="N/A"></property><property name="java.vm.info" value="mixed mode"></property><property name="java.vm.version" value="17.0.10+7"></property><property name="sun.io.unicode.encoding" value="UnicodeLittle"></property><property name="distribution.jar" value="app/distribution/app.jar"></property><property name="java.class.version" value="61.0"></property><property name="ant.project.default-target" value="build"></property></properties><testcase classname="labopi.AreaResultCheckerTest" name="checkPointHitTrueTest(ResultBean)[2]" time="0.001"></testcase><testcase classname="labopi.AreaResultCheckerTest" name="checkAreaResultValidationtTrueTest()" time="0.0"></testcase><testcase classname="labopi.AreaResultCheckerTest" name="checkPointHitTrueTest(ResultBean)[1]" time="0.041"></testcase><testcase classname="labopi.AreaResultCheckerTest" name="checkPointHitFalseTest(ResultBean)[1]" time="0.001"></testcase><testcase classname="labopi.AreaResultCheckerTest" name="checkAreaResultValidationtFalseTest()" time="0.001"></testcase><testcase classname="labopi.AreaResultCheckerTest" name="checkPointHitFalseTest(ResultBean)[2]" time="0.001"></testcase></testsuite>